<?xml version="1.0" encoding="UTF-8"?>
<!-- Generated by org.testng.reporters.JUnitReportReporter -->
<testsuite skipped="0" hostname="DESKTOP-C5JKSN1" name="com.application.TestCases.TC_LoginPage_001" tests="1" failures="0" timestamp="2020-04-25T11:23:23 IST" time="3.307" errors="0">
  <testcase name="loginpage" time="3.307" classname="com.application.TestCases.TC_LoginPage_001"/>
  <system-out/>
</testsuite> <!-- com.application.TestCases.TC_LoginPage_001 -->
