<?xml version="1.0" encoding="UTF-8"?>
<!-- Generated by org.testng.reporters.JUnitReportReporter -->
<testsuite skipped="0" hostname="DESKTOP-C5JKSN1" name="com.application.TestCases.TC_AddCustomerTest_003" tests="1" failures="0" timestamp="2020-04-25T11:29:28 IST" time="20.084" errors="0">
  <testcase name="addNewCustomer" time="20.084" classname="com.application.TestCases.TC_AddCustomerTest_003"/>
  <system-out/>
</testsuite> <!-- com.application.TestCases.TC_AddCustomerTest_003 -->
